<?xml version="1.0" encoding="UTF-8"?>
<!-- Generated by org.testng.reporters.JUnitXMLReporter -->
<testsuite hostname="LAPTOP-5E9JOFOR" name="TestOffice" tests="9" failures="2" timestamp="6 Jan 2017 01:35:35 GMT" time="238.51" errors="0">
  <testcase name="validateUI" time="1.493" classname="test.TestOffice"/>
  <testcase name="validateAddOfficeRightData" time="11.928" classname="test.TestOffice"/>
  <testcase name="validateAddOfficeEmptyData" time="10.496" classname="test.TestOffice"/>
  <testcase name="validateAddOfficeEqualSpace" time="12.834" classname="test.TestOffice">
    <failure type="java.lang.AssertionError" message="expected:&amp;lt;4&amp;gt; but was:&amp;lt;5&amp;gt;">
      <![CDATA[java.lang.AssertionError: expected:<4> but was:<5>
	at org.junit.Assert.fail(Assert.java:88)
	at org.junit.Assert.failNotEquals(Assert.java:834)
	at org.junit.Assert.assertEquals(Assert.java:645)
	at org.junit.Assert.assertEquals(Assert.java:631)
	at test.TestOffice.validateAddOfficeEqualSpace(TestOffice.java:52)
... Removed 25 stack frames]]>
    </failure>
  </testcase> <!-- validateAddOfficeEqualSpace -->
  <testcase name="validateOfficeUnique" time="10.632" classname="test.TestOffice"/>
  <testcase name="validateDeleteOffice" time="12.354" classname="test.TestOffice"/>
  <testcase name="validateCancelDeleteOffice" time="13.15" classname="test.TestOffice"/>
  <testcase name="validateDeleteOfficeNotSelected" time="5.138" classname="test.TestOffice"/>
  <testcase name="validateDeleteOfficeWithoutAvailableOFF" time="52.584" classname="test.TestOffice">
    <failure type="java.lang.AssertionError" message="expected [There are not offices.] but found [Please select at least one member to remove.]">
      <![CDATA[java.lang.AssertionError: expected [There are not offices.] but found [Please select at least one member to remove.]
	at test.controller.StaffOffice.deleteOffWithoutAvailableOff(StaffOffice.java:110)
	at test.TestOffice.validateDeleteOfficeWithoutAvailableOFF(TestOffice.java:97)
... Removed 31 stack frames]]>
    </failure>
  </testcase> <!-- validateDeleteOfficeWithoutAvailableOFF -->
</testsuite> <!-- TestOffice -->
